[0.062s] Invoking command in '/home/kusbeoms/ros2_ws/build/mpu6050_driver': CMAKE_PREFIX_PATH=/opt/ros/humble /usr/bin/cmake /home/kusbeoms/ros2_ws/src/mpu6050_driver -DCMAKE_INSTALL_PREFIX=/home/kusbeoms/ros2_ws/install/mpu6050_driver
[1.248s] -- The C compiler identification is GNU 11.4.0
[2.036s] -- The CXX compiler identification is GNU 11.4.0
[2.087s] -- Detecting C compiler ABI info
[2.497s] -- Detecting C compiler ABI info - done
[2.522s] -- Check for working C compiler: /usr/bin/cc - skipped
[2.525s] -- Detecting C compile features
[2.528s] -- Detecting C compile features - done
[2.546s] -- Detecting CXX compiler ABI info
[2.958s] -- Detecting CXX compiler ABI info - done
[2.987s] -- Check for working CXX compiler: /usr/bin/c++ - skipped
[2.988s] -- Detecting CXX compile features
[2.990s] -- Detecting CXX compile features - done
[3.039s] -- Found ament_cmake: 1.3.14 (/opt/ros/humble/share/ament_cmake/cmake)
[4.158s] -- Found Python3: /usr/bin/python3 (found version "3.10.12") found components: Interpreter 
[4.858s] -- Found rclcpp: 16.0.19 (/opt/ros/humble/share/rclcpp/cmake)
[5.307s] -- Found rosidl_generator_c: 3.1.8 (/opt/ros/humble/share/rosidl_generator_c/cmake)
[5.367s] -- Found rosidl_adapter: 3.1.8 (/opt/ros/humble/share/rosidl_adapter/cmake)
[5.451s] -- Found rosidl_generator_cpp: 3.1.8 (/opt/ros/humble/share/rosidl_generator_cpp/cmake)
[5.560s] -- Using all available rosidl_typesupport_c: rosidl_typesupport_fastrtps_c;rosidl_typesupport_introspection_c
[5.698s] -- Using all available rosidl_typesupport_cpp: rosidl_typesupport_fastrtps_cpp;rosidl_typesupport_introspection_cpp
[6.117s] -- Found rmw_implementation_cmake: 6.1.2 (/opt/ros/humble/share/rmw_implementation_cmake/cmake)
[6.147s] -- Found rmw_fastrtps_cpp: 6.2.10 (/opt/ros/humble/share/rmw_fastrtps_cpp/cmake)
[6.839s] -- Found OpenSSL: /usr/lib/aarch64-linux-gnu/libcrypto.so (found version "3.0.2")  
[7.118s] -- Found FastRTPS: /opt/ros/humble/include  
[7.552s] -- Using RMW implementation 'rmw_fastrtps_cpp' as default
[7.650s] -- Looking for pthread.h
[8.104s] -- Looking for pthread.h - found
[8.108s] -- Performing Test CMAKE_HAVE_LIBC_PTHREAD
[8.496s] -- Performing Test CMAKE_HAVE_LIBC_PTHREAD - Success
[8.502s] -- Found Threads: TRUE  
[8.878s] -- Found sensor_msgs: 4.9.1 (/opt/ros/humble/share/sensor_msgs/cmake)
[9.395s] -- Configuring done
[9.464s] -- Generating done
[9.481s] -- Build files have been written to: /home/kusbeoms/ros2_ws/build/mpu6050_driver
[9.524s] Invoked command in '/home/kusbeoms/ros2_ws/build/mpu6050_driver' returned '0': CMAKE_PREFIX_PATH=/opt/ros/humble /usr/bin/cmake /home/kusbeoms/ros2_ws/src/mpu6050_driver -DCMAKE_INSTALL_PREFIX=/home/kusbeoms/ros2_ws/install/mpu6050_driver
[9.534s] Invoking command in '/home/kusbeoms/ros2_ws/build/mpu6050_driver': CMAKE_PREFIX_PATH=/opt/ros/humble /usr/bin/cmake --build /home/kusbeoms/ros2_ws/build/mpu6050_driver -- -j4 -l4
[9.758s] [ 50%] [32mBuilding CXX object CMakeFiles/mpu6050_node.dir/src/mpu6050_driver.cpp.o[0m
[9.845s] [01m[K/home/kusbeoms/ros2_ws/src/mpu6050_driver/src/mpu6050_driver.cpp:1:10:[m[K [01;31m[Kfatal error: [m[Kmpu6050_driver/mpu6050_driver.hpp: No such file or directory
[9.846s]     1 | #include [01;31m[K"mpu6050_driver/mpu6050_driver.hpp"[m[K
[9.846s]       |          [01;31m[K^~~~~~~~~~~~~~~~~~~~~~~~~~~~~~~~~~~[m[K
[9.847s] compilation terminated.
[9.853s] gmake[2]: *** [CMakeFiles/mpu6050_node.dir/build.make:76: CMakeFiles/mpu6050_node.dir/src/mpu6050_driver.cpp.o] Error 1
[9.854s] gmake[1]: *** [CMakeFiles/Makefile2:137: CMakeFiles/mpu6050_node.dir/all] Error 2
[9.855s] gmake: *** [Makefile:146: all] Error 2
[9.863s] Invoked command in '/home/kusbeoms/ros2_ws/build/mpu6050_driver' returned '2': CMAKE_PREFIX_PATH=/opt/ros/humble /usr/bin/cmake --build /home/kusbeoms/ros2_ws/build/mpu6050_driver -- -j4 -l4
