[0.474s] DEBUG:colcon:Command line arguments: ['/usr/bin/colcon', 'build']
[0.475s] DEBUG:colcon:Parsed command line arguments: Namespace(log_base=None, log_level=None, verb_name='build', build_base='build', install_base='install', merge_install=False, symlink_install=False, test_result_base=None, continue_on_error=False, executor='parallel', parallel_workers=4, event_handlers=None, ignore_user_meta=False, metas=['./colcon.meta'], base_paths=['.'], packages_ignore=None, packages_ignore_regex=None, paths=None, packages_up_to=None, packages_up_to_regex=None, packages_above=None, packages_above_and_dependencies=None, packages_above_depth=None, packages_select_by_dep=None, packages_skip_by_dep=None, packages_skip_up_to=None, packages_select_build_failed=False, packages_skip_build_finished=False, packages_select_test_failures=False, packages_skip_test_passed=False, packages_select=None, packages_skip=None, packages_select_regex=None, packages_skip_regex=None, packages_start=None, packages_end=None, allow_overriding=[], cmake_args=None, cmake_target=None, cmake_target_skip_unavailable=False, cmake_clean_cache=False, cmake_clean_first=False, cmake_force_configure=False, ament_cmake_args=None, catkin_cmake_args=None, catkin_skip_building_tests=False, mixin_files=None, mixin=None, verb_parser=<colcon_mixin.mixin.mixin_argument.MixinArgumentDecorator object at 0xffff830990f0>, verb_extension=<colcon_core.verb.build.BuildVerb object at 0xffff83246050>, main=<bound method BuildVerb.main of <colcon_core.verb.build.BuildVerb object at 0xffff83246050>>, mixin_verb=('build',))
[1.308s] Level 1:colcon.colcon_core.package_discovery:discover_packages(colcon_meta) check parameters
[1.308s] Level 1:colcon.colcon_core.package_discovery:discover_packages(recursive) check parameters
[1.308s] Level 1:colcon.colcon_core.package_discovery:discover_packages(ignore) check parameters
[1.309s] Level 1:colcon.colcon_core.package_discovery:discover_packages(path) check parameters
[1.309s] Level 1:colcon.colcon_core.package_discovery:discover_packages(colcon_meta) discover
[1.309s] Level 1:colcon.colcon_core.package_discovery:discover_packages(recursive) discover
[1.309s] INFO:colcon.colcon_core.package_discovery:Crawling recursively for packages in '/home/kusbeoms/ros2_ws'
[1.310s] Level 1:colcon.colcon_core.package_identification:_identify(.) by extensions ['ignore', 'ignore_ament_install']
[1.310s] Level 1:colcon.colcon_core.package_identification:_identify(.) by extension 'ignore'
[1.310s] Level 1:colcon.colcon_core.package_identification:_identify(.) by extension 'ignore_ament_install'
[1.311s] Level 1:colcon.colcon_core.package_identification:_identify(.) by extensions ['colcon_pkg']
[1.311s] Level 1:colcon.colcon_core.package_identification:_identify(.) by extension 'colcon_pkg'
[1.311s] Level 1:colcon.colcon_core.package_identification:_identify(.) by extensions ['colcon_meta']
[1.311s] Level 1:colcon.colcon_core.package_identification:_identify(.) by extension 'colcon_meta'
[1.311s] Level 1:colcon.colcon_core.package_identification:_identify(.) by extensions ['ros']
[1.312s] Level 1:colcon.colcon_core.package_identification:_identify(.) by extension 'ros'
[1.357s] Level 1:colcon.colcon_core.package_identification:_identify(.) by extensions ['cmake', 'python']
[1.357s] Level 1:colcon.colcon_core.package_identification:_identify(.) by extension 'cmake'
[1.358s] Level 1:colcon.colcon_core.package_identification:_identify(.) by extension 'python'
[1.358s] Level 1:colcon.colcon_core.package_identification:_identify(.) by extensions ['python_setup_py']
[1.358s] Level 1:colcon.colcon_core.package_identification:_identify(.) by extension 'python_setup_py'
[1.359s] Level 1:colcon.colcon_core.package_identification:_identify(build) by extensions ['ignore', 'ignore_ament_install']
[1.359s] Level 1:colcon.colcon_core.package_identification:_identify(build) by extension 'ignore'
[1.359s] Level 1:colcon.colcon_core.package_identification:_identify(build) ignored
[1.360s] Level 1:colcon.colcon_core.package_identification:_identify(install) by extensions ['ignore', 'ignore_ament_install']
[1.360s] Level 1:colcon.colcon_core.package_identification:_identify(install) by extension 'ignore'
[1.361s] Level 1:colcon.colcon_core.package_identification:_identify(install) ignored
[1.361s] Level 1:colcon.colcon_core.package_identification:_identify(log) by extensions ['ignore', 'ignore_ament_install']
[1.361s] Level 1:colcon.colcon_core.package_identification:_identify(log) by extension 'ignore'
[1.362s] Level 1:colcon.colcon_core.package_identification:_identify(log) ignored
[1.362s] Level 1:colcon.colcon_core.package_identification:_identify(src) by extensions ['ignore', 'ignore_ament_install']
[1.362s] Level 1:colcon.colcon_core.package_identification:_identify(src) by extension 'ignore'
[1.363s] Level 1:colcon.colcon_core.package_identification:_identify(src) by extension 'ignore_ament_install'
[1.363s] Level 1:colcon.colcon_core.package_identification:_identify(src) by extensions ['colcon_pkg']
[1.363s] Level 1:colcon.colcon_core.package_identification:_identify(src) by extension 'colcon_pkg'
[1.363s] Level 1:colcon.colcon_core.package_identification:_identify(src) by extensions ['colcon_meta']
[1.363s] Level 1:colcon.colcon_core.package_identification:_identify(src) by extension 'colcon_meta'
[1.364s] Level 1:colcon.colcon_core.package_identification:_identify(src) by extensions ['ros']
[1.364s] Level 1:colcon.colcon_core.package_identification:_identify(src) by extension 'ros'
[1.364s] Level 1:colcon.colcon_core.package_identification:_identify(src) by extensions ['cmake', 'python']
[1.364s] Level 1:colcon.colcon_core.package_identification:_identify(src) by extension 'cmake'
[1.364s] Level 1:colcon.colcon_core.package_identification:_identify(src) by extension 'python'
[1.365s] Level 1:colcon.colcon_core.package_identification:_identify(src) by extensions ['python_setup_py']
[1.365s] Level 1:colcon.colcon_core.package_identification:_identify(src) by extension 'python_setup_py'
[1.365s] Level 1:colcon.colcon_core.package_identification:_identify(src/mpu6050_driver) by extensions ['ignore', 'ignore_ament_install']
[1.366s] Level 1:colcon.colcon_core.package_identification:_identify(src/mpu6050_driver) by extension 'ignore'
[1.366s] Level 1:colcon.colcon_core.package_identification:_identify(src/mpu6050_driver) by extension 'ignore_ament_install'
[1.366s] Level 1:colcon.colcon_core.package_identification:_identify(src/mpu6050_driver) by extensions ['colcon_pkg']
[1.366s] Level 1:colcon.colcon_core.package_identification:_identify(src/mpu6050_driver) by extension 'colcon_pkg'
[1.367s] Level 1:colcon.colcon_core.package_identification:_identify(src/mpu6050_driver) by extensions ['colcon_meta']
[1.367s] Level 1:colcon.colcon_core.package_identification:_identify(src/mpu6050_driver) by extension 'colcon_meta'
[1.367s] Level 1:colcon.colcon_core.package_identification:_identify(src/mpu6050_driver) by extensions ['ros']
[1.367s] Level 1:colcon.colcon_core.package_identification:_identify(src/mpu6050_driver) by extension 'ros'
[1.377s] DEBUG:colcon.colcon_core.package_identification:Package 'src/mpu6050_driver' with type 'ros.ament_cmake' and name 'mpu6050_driver'
[1.377s] Level 1:colcon.colcon_core.package_discovery:discover_packages(recursive) using defaults
[1.378s] Level 1:colcon.colcon_core.package_discovery:discover_packages(ignore) discover
[1.378s] Level 1:colcon.colcon_core.package_discovery:discover_packages(ignore) using defaults
[1.378s] Level 1:colcon.colcon_core.package_discovery:discover_packages(path) discover
[1.378s] Level 1:colcon.colcon_core.package_discovery:discover_packages(path) using defaults
[1.503s] Level 1:colcon.colcon_core.package_discovery:discover_packages(prefix_path) check parameters
[1.503s] Level 1:colcon.colcon_core.package_discovery:discover_packages(prefix_path) discover
[1.520s] DEBUG:colcon.colcon_installed_package_information.package_discovery:Found 273 installed packages in /opt/ros/humble
[1.526s] Level 1:colcon.colcon_core.package_discovery:discover_packages(prefix_path) using defaults
[1.701s] Level 5:colcon.colcon_core.verb:set package 'mpu6050_driver' build argument 'cmake_args' from command line to 'None'
[1.701s] Level 5:colcon.colcon_core.verb:set package 'mpu6050_driver' build argument 'cmake_target' from command line to 'None'
[1.701s] Level 5:colcon.colcon_core.verb:set package 'mpu6050_driver' build argument 'cmake_target_skip_unavailable' from command line to 'False'
[1.701s] Level 5:colcon.colcon_core.verb:set package 'mpu6050_driver' build argument 'cmake_clean_cache' from command line to 'False'
[1.701s] Level 5:colcon.colcon_core.verb:set package 'mpu6050_driver' build argument 'cmake_clean_first' from command line to 'False'
[1.701s] Level 5:colcon.colcon_core.verb:set package 'mpu6050_driver' build argument 'cmake_force_configure' from command line to 'False'
[1.702s] Level 5:colcon.colcon_core.verb:set package 'mpu6050_driver' build argument 'ament_cmake_args' from command line to 'None'
[1.702s] Level 5:colcon.colcon_core.verb:set package 'mpu6050_driver' build argument 'catkin_cmake_args' from command line to 'None'
[1.702s] Level 5:colcon.colcon_core.verb:set package 'mpu6050_driver' build argument 'catkin_skip_building_tests' from command line to 'False'
[1.702s] DEBUG:colcon.colcon_core.verb:Building package 'mpu6050_driver' with the following arguments: {'ament_cmake_args': None, 'build_base': '/home/kusbeoms/ros2_ws/build/mpu6050_driver', 'catkin_cmake_args': None, 'catkin_skip_building_tests': False, 'cmake_args': None, 'cmake_clean_cache': False, 'cmake_clean_first': False, 'cmake_force_configure': False, 'cmake_target': None, 'cmake_target_skip_unavailable': False, 'install_base': '/home/kusbeoms/ros2_ws/install/mpu6050_driver', 'merge_install': False, 'path': '/home/kusbeoms/ros2_ws/src/mpu6050_driver', 'symlink_install': False, 'test_result_base': None}
[1.703s] INFO:colcon.colcon_core.executor:Executing jobs using 'parallel' executor
[1.707s] DEBUG:colcon.colcon_parallel_executor.executor.parallel:run_until_complete
[1.708s] INFO:colcon.colcon_ros.task.ament_cmake.build:Building ROS package in '/home/kusbeoms/ros2_ws/src/mpu6050_driver' with build type 'ament_cmake'
[1.708s] INFO:colcon.colcon_cmake.task.cmake.build:Building CMake package in '/home/kusbeoms/ros2_ws/src/mpu6050_driver'
[1.718s] INFO:colcon.colcon_core.plugin_system:Skipping extension 'colcon_core.shell.bat': Not used on non-Windows systems
[1.719s] INFO:colcon.colcon_core.shell:Skip shell extension 'powershell' for command environment: Not usable outside of PowerShell
[1.720s] DEBUG:colcon.colcon_core.shell:Skip shell extension 'dsv' for command environment
[1.767s] DEBUG:colcon.colcon_core.event_handler.log_command:Invoking command in '/home/kusbeoms/ros2_ws/build/mpu6050_driver': CMAKE_PREFIX_PATH=/opt/ros/humble /usr/bin/cmake --build /home/kusbeoms/ros2_ws/build/mpu6050_driver -- -j4 -l4
[19.152s] DEBUG:colcon.colcon_core.event_handler.log_command:Invoked command in '/home/kusbeoms/ros2_ws/build/mpu6050_driver' returned '2': CMAKE_PREFIX_PATH=/opt/ros/humble /usr/bin/cmake --build /home/kusbeoms/ros2_ws/build/mpu6050_driver -- -j4 -l4
[19.154s] Level 1:colcon.colcon_core.environment:create_environment_scripts_only(mpu6050_driver)
[19.168s] Level 1:colcon.colcon_core.environment:checking '/home/kusbeoms/ros2_ws/install/mpu6050_driver' for CMake module files
[19.170s] Level 1:colcon.colcon_core.environment:checking '/home/kusbeoms/ros2_ws/install/mpu6050_driver' for CMake config files
[19.172s] Level 1:colcon.colcon_core.environment:checking '/home/kusbeoms/ros2_ws/install/mpu6050_driver/bin'
[19.173s] Level 1:colcon.colcon_core.environment:checking '/home/kusbeoms/ros2_ws/install/mpu6050_driver/lib/pkgconfig/mpu6050_driver.pc'
[19.174s] Level 1:colcon.colcon_core.environment:checking '/home/kusbeoms/ros2_ws/install/mpu6050_driver/lib/python3.10/site-packages'
[19.175s] Level 1:colcon.colcon_core.environment:checking '/home/kusbeoms/ros2_ws/install/mpu6050_driver/bin'
[19.177s] INFO:colcon.colcon_core.shell:Creating package script '/home/kusbeoms/ros2_ws/install/mpu6050_driver/share/mpu6050_driver/package.ps1'
[19.182s] INFO:colcon.colcon_core.shell:Creating package descriptor '/home/kusbeoms/ros2_ws/install/mpu6050_driver/share/mpu6050_driver/package.dsv'
[19.185s] INFO:colcon.colcon_core.shell:Creating package script '/home/kusbeoms/ros2_ws/install/mpu6050_driver/share/mpu6050_driver/package.sh'
[19.188s] INFO:colcon.colcon_core.shell:Creating package script '/home/kusbeoms/ros2_ws/install/mpu6050_driver/share/mpu6050_driver/package.bash'
[19.193s] INFO:colcon.colcon_core.shell:Creating package script '/home/kusbeoms/ros2_ws/install/mpu6050_driver/share/mpu6050_driver/package.zsh'
[19.196s] Level 1:colcon.colcon_core.environment:create_file_with_runtime_dependencies(/home/kusbeoms/ros2_ws/install/mpu6050_driver/share/colcon-core/packages/mpu6050_driver)
[19.208s] DEBUG:colcon.colcon_parallel_executor.executor.parallel:closing loop
[19.209s] DEBUG:colcon.colcon_parallel_executor.executor.parallel:loop closed
[19.210s] DEBUG:colcon.colcon_parallel_executor.executor.parallel:run_until_complete finished with '2'
[19.210s] DEBUG:colcon.colcon_core.event_reactor:joining thread
[19.212s] DEBUG:colcon.colcon_core.event_reactor:joined thread
[19.214s] INFO:colcon.colcon_core.shell:Creating prefix script '/home/kusbeoms/ros2_ws/install/local_setup.ps1'
[19.221s] INFO:colcon.colcon_core.shell:Creating prefix util module '/home/kusbeoms/ros2_ws/install/_local_setup_util_ps1.py'
[19.228s] INFO:colcon.colcon_core.shell:Creating prefix chain script '/home/kusbeoms/ros2_ws/install/setup.ps1'
[19.234s] INFO:colcon.colcon_core.shell:Creating prefix script '/home/kusbeoms/ros2_ws/install/local_setup.sh'
[19.237s] INFO:colcon.colcon_core.shell:Creating prefix util module '/home/kusbeoms/ros2_ws/install/_local_setup_util_sh.py'
[19.240s] INFO:colcon.colcon_core.shell:Creating prefix chain script '/home/kusbeoms/ros2_ws/install/setup.sh'
[19.246s] INFO:colcon.colcon_core.shell:Creating prefix script '/home/kusbeoms/ros2_ws/install/local_setup.bash'
[19.249s] INFO:colcon.colcon_core.shell:Creating prefix chain script '/home/kusbeoms/ros2_ws/install/setup.bash'
[19.254s] INFO:colcon.colcon_core.shell:Creating prefix script '/home/kusbeoms/ros2_ws/install/local_setup.zsh'
[19.257s] INFO:colcon.colcon_core.shell:Creating prefix chain script '/home/kusbeoms/ros2_ws/install/setup.zsh'
