[0.059s] Invoking command in '/home/kusbeoms/ros2_ws/build/mpu6050_driver': CMAKE_PREFIX_PATH=/opt/ros/humble /usr/bin/cmake --build /home/kusbeoms/ros2_ws/build/mpu6050_driver -- -j4 -l4
[0.243s] [35m[1mConsolidate compiler generated dependencies of target mpu6050_node[0m
[0.349s] [ 50%] [32mBuilding CXX object CMakeFiles/mpu6050_node.dir/src/mpu6050_driver.cpp.o[0m
[19.214s] [100%] [32m[1mLinking CXX executable mpu6050_node[0m
[20.297s] [100%] Built target mpu6050_node
[20.347s] Invoked command in '/home/kusbeoms/ros2_ws/build/mpu6050_driver' returned '0': CMAKE_PREFIX_PATH=/opt/ros/humble /usr/bin/cmake --build /home/kusbeoms/ros2_ws/build/mpu6050_driver -- -j4 -l4
[20.392s] Invoking command in '/home/kusbeoms/ros2_ws/build/mpu6050_driver': CMAKE_PREFIX_PATH=/opt/ros/humble /usr/bin/cmake --install /home/kusbeoms/ros2_ws/build/mpu6050_driver
[20.422s] -- Install configuration: ""
[20.422s] -- Installing: /home/kusbeoms/ros2_ws/install/mpu6050_driver/lib/mpu6050_driver/mpu6050_node
[20.433s] -- Set runtime path of "/home/kusbeoms/ros2_ws/install/mpu6050_driver/lib/mpu6050_driver/mpu6050_node" to ""
[20.433s] -- Installing: /home/kusbeoms/ros2_ws/install/mpu6050_driver/share/ament_index/resource_index/package_run_dependencies/mpu6050_driver
[20.435s] -- Installing: /home/kusbeoms/ros2_ws/install/mpu6050_driver/share/ament_index/resource_index/parent_prefix_path/mpu6050_driver
[20.437s] -- Installing: /home/kusbeoms/ros2_ws/install/mpu6050_driver/share/mpu6050_driver/environment/ament_prefix_path.sh
[20.438s] -- Installing: /home/kusbeoms/ros2_ws/install/mpu6050_driver/share/mpu6050_driver/environment/ament_prefix_path.dsv
[20.439s] -- Installing: /home/kusbeoms/ros2_ws/install/mpu6050_driver/share/mpu6050_driver/environment/path.sh
[20.440s] -- Installing: /home/kusbeoms/ros2_ws/install/mpu6050_driver/share/mpu6050_driver/environment/path.dsv
[20.442s] -- Installing: /home/kusbeoms/ros2_ws/install/mpu6050_driver/share/mpu6050_driver/local_setup.bash
[20.443s] -- Installing: /home/kusbeoms/ros2_ws/install/mpu6050_driver/share/mpu6050_driver/local_setup.sh
[20.444s] -- Installing: /home/kusbeoms/ros2_ws/install/mpu6050_driver/share/mpu6050_driver/local_setup.zsh
[20.445s] -- Installing: /home/kusbeoms/ros2_ws/install/mpu6050_driver/share/mpu6050_driver/local_setup.dsv
[20.447s] -- Installing: /home/kusbeoms/ros2_ws/install/mpu6050_driver/share/mpu6050_driver/package.dsv
[20.448s] -- Installing: /home/kusbeoms/ros2_ws/install/mpu6050_driver/share/ament_index/resource_index/packages/mpu6050_driver
[20.450s] -- Installing: /home/kusbeoms/ros2_ws/install/mpu6050_driver/share/mpu6050_driver/cmake/mpu6050_driverConfig.cmake
[20.451s] -- Installing: /home/kusbeoms/ros2_ws/install/mpu6050_driver/share/mpu6050_driver/cmake/mpu6050_driverConfig-version.cmake
[20.452s] -- Installing: /home/kusbeoms/ros2_ws/install/mpu6050_driver/share/mpu6050_driver/package.xml
[20.459s] Invoked command in '/home/kusbeoms/ros2_ws/build/mpu6050_driver' returned '0': CMAKE_PREFIX_PATH=/opt/ros/humble /usr/bin/cmake --install /home/kusbeoms/ros2_ws/build/mpu6050_driver
