[0.482s] DEBUG:colcon:Command line arguments: ['/usr/bin/colcon', 'build']
[0.483s] DEBUG:colcon:Parsed command line arguments: Namespace(log_base=None, log_level=None, verb_name='build', build_base='build', install_base='install', merge_install=False, symlink_install=False, test_result_base=None, continue_on_error=False, executor='parallel', parallel_workers=4, event_handlers=None, ignore_user_meta=False, metas=['./colcon.meta'], base_paths=['.'], packages_ignore=None, packages_ignore_regex=None, paths=None, packages_up_to=None, packages_up_to_regex=None, packages_above=None, packages_above_and_dependencies=None, packages_above_depth=None, packages_select_by_dep=None, packages_skip_by_dep=None, packages_skip_up_to=None, packages_select_build_failed=False, packages_skip_build_finished=False, packages_select_test_failures=False, packages_skip_test_passed=False, packages_select=None, packages_skip=None, packages_select_regex=None, packages_skip_regex=None, packages_start=None, packages_end=None, allow_overriding=[], cmake_args=None, cmake_target=None, cmake_target_skip_unavailable=False, cmake_clean_cache=False, cmake_clean_first=False, cmake_force_configure=False, ament_cmake_args=None, catkin_cmake_args=None, catkin_skip_building_tests=False, mixin_files=None, mixin=None, verb_parser=<colcon_mixin.mixin.mixin_argument.MixinArgumentDecorator object at 0xffffbb02d0f0>, verb_extension=<colcon_core.verb.build.BuildVerb object at 0xffffbb1d6050>, main=<bound method BuildVerb.main of <colcon_core.verb.build.BuildVerb object at 0xffffbb1d6050>>, mixin_verb=('build',))
[1.333s] Level 1:colcon.colcon_core.package_discovery:discover_packages(colcon_meta) check parameters
[1.334s] Level 1:colcon.colcon_core.package_discovery:discover_packages(recursive) check parameters
[1.334s] Level 1:colcon.colcon_core.package_discovery:discover_packages(ignore) check parameters
[1.334s] Level 1:colcon.colcon_core.package_discovery:discover_packages(path) check parameters
[1.334s] Level 1:colcon.colcon_core.package_discovery:discover_packages(colcon_meta) discover
[1.334s] Level 1:colcon.colcon_core.package_discovery:discover_packages(recursive) discover
[1.335s] INFO:colcon.colcon_core.package_discovery:Crawling recursively for packages in '/home/kusbeoms/ros2_ws'
[1.335s] Level 1:colcon.colcon_core.package_identification:_identify(.) by extensions ['ignore', 'ignore_ament_install']
[1.336s] Level 1:colcon.colcon_core.package_identification:_identify(.) by extension 'ignore'
[1.336s] Level 1:colcon.colcon_core.package_identification:_identify(.) by extension 'ignore_ament_install'
[1.336s] Level 1:colcon.colcon_core.package_identification:_identify(.) by extensions ['colcon_pkg']
[1.336s] Level 1:colcon.colcon_core.package_identification:_identify(.) by extension 'colcon_pkg'
[1.336s] Level 1:colcon.colcon_core.package_identification:_identify(.) by extensions ['colcon_meta']
[1.337s] Level 1:colcon.colcon_core.package_identification:_identify(.) by extension 'colcon_meta'
[1.337s] Level 1:colcon.colcon_core.package_identification:_identify(.) by extensions ['ros']
[1.337s] Level 1:colcon.colcon_core.package_identification:_identify(.) by extension 'ros'
[1.382s] Level 1:colcon.colcon_core.package_identification:_identify(.) by extensions ['cmake', 'python']
[1.383s] Level 1:colcon.colcon_core.package_identification:_identify(.) by extension 'cmake'
[1.383s] Level 1:colcon.colcon_core.package_identification:_identify(.) by extension 'python'
[1.383s] Level 1:colcon.colcon_core.package_identification:_identify(.) by extensions ['python_setup_py']
[1.383s] Level 1:colcon.colcon_core.package_identification:_identify(.) by extension 'python_setup_py'
[1.384s] Level 1:colcon.colcon_core.package_identification:_identify(build) by extensions ['ignore', 'ignore_ament_install']
[1.384s] Level 1:colcon.colcon_core.package_identification:_identify(build) by extension 'ignore'
[1.385s] Level 1:colcon.colcon_core.package_identification:_identify(build) ignored
[1.386s] Level 1:colcon.colcon_core.package_identification:_identify(install) by extensions ['ignore', 'ignore_ament_install']
[1.386s] Level 1:colcon.colcon_core.package_identification:_identify(install) by extension 'ignore'
[1.386s] Level 1:colcon.colcon_core.package_identification:_identify(install) ignored
[1.387s] Level 1:colcon.colcon_core.package_identification:_identify(log) by extensions ['ignore', 'ignore_ament_install']
[1.387s] Level 1:colcon.colcon_core.package_identification:_identify(log) by extension 'ignore'
[1.387s] Level 1:colcon.colcon_core.package_identification:_identify(log) ignored
[1.388s] Level 1:colcon.colcon_core.package_identification:_identify(src) by extensions ['ignore', 'ignore_ament_install']
[1.388s] Level 1:colcon.colcon_core.package_identification:_identify(src) by extension 'ignore'
[1.388s] Level 1:colcon.colcon_core.package_identification:_identify(src) by extension 'ignore_ament_install'
[1.388s] Level 1:colcon.colcon_core.package_identification:_identify(src) by extensions ['colcon_pkg']
[1.389s] Level 1:colcon.colcon_core.package_identification:_identify(src) by extension 'colcon_pkg'
[1.389s] Level 1:colcon.colcon_core.package_identification:_identify(src) by extensions ['colcon_meta']
[1.389s] Level 1:colcon.colcon_core.package_identification:_identify(src) by extension 'colcon_meta'
[1.389s] Level 1:colcon.colcon_core.package_identification:_identify(src) by extensions ['ros']
[1.389s] Level 1:colcon.colcon_core.package_identification:_identify(src) by extension 'ros'
[1.390s] Level 1:colcon.colcon_core.package_identification:_identify(src) by extensions ['cmake', 'python']
[1.390s] Level 1:colcon.colcon_core.package_identification:_identify(src) by extension 'cmake'
[1.390s] Level 1:colcon.colcon_core.package_identification:_identify(src) by extension 'python'
[1.390s] Level 1:colcon.colcon_core.package_identification:_identify(src) by extensions ['python_setup_py']
[1.390s] Level 1:colcon.colcon_core.package_identification:_identify(src) by extension 'python_setup_py'
[1.391s] Level 1:colcon.colcon_core.package_identification:_identify(src/mpu6050_driver) by extensions ['ignore', 'ignore_ament_install']
[1.391s] Level 1:colcon.colcon_core.package_identification:_identify(src/mpu6050_driver) by extension 'ignore'
[1.392s] Level 1:colcon.colcon_core.package_identification:_identify(src/mpu6050_driver) by extension 'ignore_ament_install'
[1.392s] Level 1:colcon.colcon_core.package_identification:_identify(src/mpu6050_driver) by extensions ['colcon_pkg']
[1.392s] Level 1:colcon.colcon_core.package_identification:_identify(src/mpu6050_driver) by extension 'colcon_pkg'
[1.392s] Level 1:colcon.colcon_core.package_identification:_identify(src/mpu6050_driver) by extensions ['colcon_meta']
[1.392s] Level 1:colcon.colcon_core.package_identification:_identify(src/mpu6050_driver) by extension 'colcon_meta'
[1.393s] Level 1:colcon.colcon_core.package_identification:_identify(src/mpu6050_driver) by extensions ['ros']
[1.393s] Level 1:colcon.colcon_core.package_identification:_identify(src/mpu6050_driver) by extension 'ros'
[1.402s] DEBUG:colcon.colcon_core.package_identification:Package 'src/mpu6050_driver' with type 'ros.ament_cmake' and name 'mpu6050_driver'
[1.403s] Level 1:colcon.colcon_core.package_discovery:discover_packages(recursive) using defaults
[1.403s] Level 1:colcon.colcon_core.package_discovery:discover_packages(ignore) discover
[1.403s] Level 1:colcon.colcon_core.package_discovery:discover_packages(ignore) using defaults
[1.403s] Level 1:colcon.colcon_core.package_discovery:discover_packages(path) discover
[1.403s] Level 1:colcon.colcon_core.package_discovery:discover_packages(path) using defaults
[1.529s] Level 1:colcon.colcon_core.package_discovery:discover_packages(prefix_path) check parameters
[1.530s] Level 1:colcon.colcon_core.package_discovery:discover_packages(prefix_path) discover
[1.546s] DEBUG:colcon.colcon_installed_package_information.package_discovery:Found 273 installed packages in /opt/ros/humble
[1.552s] Level 1:colcon.colcon_core.package_discovery:discover_packages(prefix_path) using defaults
[1.729s] Level 5:colcon.colcon_core.verb:set package 'mpu6050_driver' build argument 'cmake_args' from command line to 'None'
[1.729s] Level 5:colcon.colcon_core.verb:set package 'mpu6050_driver' build argument 'cmake_target' from command line to 'None'
[1.729s] Level 5:colcon.colcon_core.verb:set package 'mpu6050_driver' build argument 'cmake_target_skip_unavailable' from command line to 'False'
[1.729s] Level 5:colcon.colcon_core.verb:set package 'mpu6050_driver' build argument 'cmake_clean_cache' from command line to 'False'
[1.730s] Level 5:colcon.colcon_core.verb:set package 'mpu6050_driver' build argument 'cmake_clean_first' from command line to 'False'
[1.730s] Level 5:colcon.colcon_core.verb:set package 'mpu6050_driver' build argument 'cmake_force_configure' from command line to 'False'
[1.730s] Level 5:colcon.colcon_core.verb:set package 'mpu6050_driver' build argument 'ament_cmake_args' from command line to 'None'
[1.730s] Level 5:colcon.colcon_core.verb:set package 'mpu6050_driver' build argument 'catkin_cmake_args' from command line to 'None'
[1.730s] Level 5:colcon.colcon_core.verb:set package 'mpu6050_driver' build argument 'catkin_skip_building_tests' from command line to 'False'
[1.730s] DEBUG:colcon.colcon_core.verb:Building package 'mpu6050_driver' with the following arguments: {'ament_cmake_args': None, 'build_base': '/home/kusbeoms/ros2_ws/build/mpu6050_driver', 'catkin_cmake_args': None, 'catkin_skip_building_tests': False, 'cmake_args': None, 'cmake_clean_cache': False, 'cmake_clean_first': False, 'cmake_force_configure': False, 'cmake_target': None, 'cmake_target_skip_unavailable': False, 'install_base': '/home/kusbeoms/ros2_ws/install/mpu6050_driver', 'merge_install': False, 'path': '/home/kusbeoms/ros2_ws/src/mpu6050_driver', 'symlink_install': False, 'test_result_base': None}
[1.731s] INFO:colcon.colcon_core.executor:Executing jobs using 'parallel' executor
[1.734s] DEBUG:colcon.colcon_parallel_executor.executor.parallel:run_until_complete
[1.736s] INFO:colcon.colcon_ros.task.ament_cmake.build:Building ROS package in '/home/kusbeoms/ros2_ws/src/mpu6050_driver' with build type 'ament_cmake'
[1.736s] INFO:colcon.colcon_cmake.task.cmake.build:Building CMake package in '/home/kusbeoms/ros2_ws/src/mpu6050_driver'
[1.747s] INFO:colcon.colcon_core.plugin_system:Skipping extension 'colcon_core.shell.bat': Not used on non-Windows systems
[1.748s] INFO:colcon.colcon_core.shell:Skip shell extension 'powershell' for command environment: Not usable outside of PowerShell
[1.748s] DEBUG:colcon.colcon_core.shell:Skip shell extension 'dsv' for command environment
[1.796s] DEBUG:colcon.colcon_core.event_handler.log_command:Invoking command in '/home/kusbeoms/ros2_ws/build/mpu6050_driver': CMAKE_PREFIX_PATH=/opt/ros/humble /usr/bin/cmake --build /home/kusbeoms/ros2_ws/build/mpu6050_driver -- -j4 -l4
[20.682s] DEBUG:colcon.colcon_core.event_handler.log_command:Invoked command in '/home/kusbeoms/ros2_ws/build/mpu6050_driver' returned '2': CMAKE_PREFIX_PATH=/opt/ros/humble /usr/bin/cmake --build /home/kusbeoms/ros2_ws/build/mpu6050_driver -- -j4 -l4
[20.684s] Level 1:colcon.colcon_core.environment:create_environment_scripts_only(mpu6050_driver)
[20.697s] Level 1:colcon.colcon_core.environment:checking '/home/kusbeoms/ros2_ws/install/mpu6050_driver' for CMake module files
[20.700s] Level 1:colcon.colcon_core.environment:checking '/home/kusbeoms/ros2_ws/install/mpu6050_driver' for CMake config files
[20.703s] Level 1:colcon.colcon_core.environment:checking '/home/kusbeoms/ros2_ws/install/mpu6050_driver/bin'
[20.704s] Level 1:colcon.colcon_core.environment:checking '/home/kusbeoms/ros2_ws/install/mpu6050_driver/lib/pkgconfig/mpu6050_driver.pc'
[20.705s] Level 1:colcon.colcon_core.environment:checking '/home/kusbeoms/ros2_ws/install/mpu6050_driver/lib/python3.10/site-packages'
[20.707s] Level 1:colcon.colcon_core.environment:checking '/home/kusbeoms/ros2_ws/install/mpu6050_driver/bin'
[20.708s] INFO:colcon.colcon_core.shell:Creating package script '/home/kusbeoms/ros2_ws/install/mpu6050_driver/share/mpu6050_driver/package.ps1'
[20.713s] INFO:colcon.colcon_core.shell:Creating package descriptor '/home/kusbeoms/ros2_ws/install/mpu6050_driver/share/mpu6050_driver/package.dsv'
[20.717s] INFO:colcon.colcon_core.shell:Creating package script '/home/kusbeoms/ros2_ws/install/mpu6050_driver/share/mpu6050_driver/package.sh'
[20.721s] INFO:colcon.colcon_core.shell:Creating package script '/home/kusbeoms/ros2_ws/install/mpu6050_driver/share/mpu6050_driver/package.bash'
[20.725s] INFO:colcon.colcon_core.shell:Creating package script '/home/kusbeoms/ros2_ws/install/mpu6050_driver/share/mpu6050_driver/package.zsh'
[20.729s] Level 1:colcon.colcon_core.environment:create_file_with_runtime_dependencies(/home/kusbeoms/ros2_ws/install/mpu6050_driver/share/colcon-core/packages/mpu6050_driver)
[20.741s] DEBUG:colcon.colcon_parallel_executor.executor.parallel:closing loop
[20.742s] DEBUG:colcon.colcon_parallel_executor.executor.parallel:loop closed
[20.743s] DEBUG:colcon.colcon_parallel_executor.executor.parallel:run_until_complete finished with '2'
[20.743s] DEBUG:colcon.colcon_core.event_reactor:joining thread
[20.745s] DEBUG:colcon.colcon_core.event_reactor:joined thread
[20.746s] INFO:colcon.colcon_core.shell:Creating prefix script '/home/kusbeoms/ros2_ws/install/local_setup.ps1'
[20.752s] INFO:colcon.colcon_core.shell:Creating prefix util module '/home/kusbeoms/ros2_ws/install/_local_setup_util_ps1.py'
[20.761s] INFO:colcon.colcon_core.shell:Creating prefix chain script '/home/kusbeoms/ros2_ws/install/setup.ps1'
[20.766s] INFO:colcon.colcon_core.shell:Creating prefix script '/home/kusbeoms/ros2_ws/install/local_setup.sh'
[20.769s] INFO:colcon.colcon_core.shell:Creating prefix util module '/home/kusbeoms/ros2_ws/install/_local_setup_util_sh.py'
[20.773s] INFO:colcon.colcon_core.shell:Creating prefix chain script '/home/kusbeoms/ros2_ws/install/setup.sh'
[20.778s] INFO:colcon.colcon_core.shell:Creating prefix script '/home/kusbeoms/ros2_ws/install/local_setup.bash'
[20.781s] INFO:colcon.colcon_core.shell:Creating prefix chain script '/home/kusbeoms/ros2_ws/install/setup.bash'
[20.787s] INFO:colcon.colcon_core.shell:Creating prefix script '/home/kusbeoms/ros2_ws/install/local_setup.zsh'
[20.790s] INFO:colcon.colcon_core.shell:Creating prefix chain script '/home/kusbeoms/ros2_ws/install/setup.zsh'
