[0.055s] Invoking command in '/home/kusbeoms/ros2_ws/build/mpu6050_driver': CMAKE_PREFIX_PATH=/opt/ros/humble /usr/bin/cmake --build /home/kusbeoms/ros2_ws/build/mpu6050_driver -- -j4 -l4
[0.170s] -- Found ament_cmake: 1.3.14 (/opt/ros/humble/share/ament_cmake/cmake)
[0.787s] -- Found rclcpp: 16.0.19 (/opt/ros/humble/share/rclcpp/cmake)
[0.967s] -- Found rosidl_generator_c: 3.1.8 (/opt/ros/humble/share/rosidl_generator_c/cmake)
[0.978s] -- Found rosidl_adapter: 3.1.8 (/opt/ros/humble/share/rosidl_adapter/cmake)
[1.003s] -- Found rosidl_generator_cpp: 3.1.8 (/opt/ros/humble/share/rosidl_generator_cpp/cmake)
[1.044s] -- Using all available rosidl_typesupport_c: rosidl_typesupport_fastrtps_c;rosidl_typesupport_introspection_c
[1.095s] -- Using all available rosidl_typesupport_cpp: rosidl_typesupport_fastrtps_cpp;rosidl_typesupport_introspection_cpp
[1.232s] -- Found rmw_implementation_cmake: 6.1.2 (/opt/ros/humble/share/rmw_implementation_cmake/cmake)
[1.239s] -- Found rmw_fastrtps_cpp: 6.2.10 (/opt/ros/humble/share/rmw_fastrtps_cpp/cmake)
[2.221s] -- Using RMW implementation 'rmw_fastrtps_cpp' as default
[2.423s] -- Found sensor_msgs: 4.9.1 (/opt/ros/humble/share/sensor_msgs/cmake)
[2.845s] -- Configuring done
[2.904s] -- Generating done
[2.923s] -- Build files have been written to: /home/kusbeoms/ros2_ws/build/mpu6050_driver
[3.083s] [ 50%] [32mBuilding CXX object CMakeFiles/mpu6050_node.dir/src/mpu6050_driver.cpp.o[0m
[14.760s] [01m[K/home/kusbeoms/ros2_ws/src/mpu6050_driver/src/mpu6050_driver.cpp:[m[K In constructor ‘[01m[KMPU6050Driver::MPU6050Driver()[m[K’:
[14.761s] [01m[K/home/kusbeoms/ros2_ws/src/mpu6050_driver/src/mpu6050_driver.cpp:19:66:[m[K [01;31m[Kerror: [m[K‘[01m[Ktimer_callback[m[K’ is not a member of ‘[01m[KMPU6050Driver[m[K’
[14.761s]    19 |         std::chrono::milliseconds(10), std::bind(&MPU6050Driver::[01;31m[Ktimer_callback[m[K, this));
[14.762s]       |                                                                  [01;31m[K^~~~~~~~~~~~~~[m[K
[17.432s] gmake[2]: *** [CMakeFiles/mpu6050_node.dir/build.make:76: CMakeFiles/mpu6050_node.dir/src/mpu6050_driver.cpp.o] Error 1
[17.434s] gmake[1]: *** [CMakeFiles/Makefile2:137: CMakeFiles/mpu6050_node.dir/all] Error 2
[17.435s] gmake: *** [Makefile:146: all] Error 2
[17.443s] Invoked command in '/home/kusbeoms/ros2_ws/build/mpu6050_driver' returned '2': CMAKE_PREFIX_PATH=/opt/ros/humble /usr/bin/cmake --build /home/kusbeoms/ros2_ws/build/mpu6050_driver -- -j4 -l4
