[0.889s] DEBUG:colcon:Command line arguments: ['/usr/bin/colcon', 'build', '--packages-select', 'mpu6050_driver']
[0.890s] DEBUG:colcon:Parsed command line arguments: Namespace(log_base=None, log_level=None, verb_name='build', build_base='build', install_base='install', merge_install=False, symlink_install=False, test_result_base=None, continue_on_error=False, executor='parallel', parallel_workers=4, event_handlers=None, ignore_user_meta=False, metas=['./colcon.meta'], base_paths=['.'], packages_ignore=None, packages_ignore_regex=None, paths=None, packages_up_to=None, packages_up_to_regex=None, packages_above=None, packages_above_and_dependencies=None, packages_above_depth=None, packages_select_by_dep=None, packages_skip_by_dep=None, packages_skip_up_to=None, packages_select_build_failed=False, packages_skip_build_finished=False, packages_select_test_failures=False, packages_skip_test_passed=False, packages_select=['mpu6050_driver'], packages_skip=None, packages_select_regex=None, packages_skip_regex=None, packages_start=None, packages_end=None, allow_overriding=[], cmake_args=None, cmake_target=None, cmake_target_skip_unavailable=False, cmake_clean_cache=False, cmake_clean_first=False, cmake_force_configure=False, ament_cmake_args=None, catkin_cmake_args=None, catkin_skip_building_tests=False, mixin_files=None, mixin=None, verb_parser=<colcon_mixin.mixin.mixin_argument.MixinArgumentDecorator object at 0xffff9bc31120>, verb_extension=<colcon_core.verb.build.BuildVerb object at 0xffff9bdd6080>, main=<bound method BuildVerb.main of <colcon_core.verb.build.BuildVerb object at 0xffff9bdd6080>>, mixin_verb=('build',))
[2.221s] Level 1:colcon.colcon_core.package_discovery:discover_packages(colcon_meta) check parameters
[2.222s] Level 1:colcon.colcon_core.package_discovery:discover_packages(recursive) check parameters
[2.222s] Level 1:colcon.colcon_core.package_discovery:discover_packages(ignore) check parameters
[2.222s] Level 1:colcon.colcon_core.package_discovery:discover_packages(path) check parameters
[2.222s] Level 1:colcon.colcon_core.package_discovery:discover_packages(colcon_meta) discover
[2.222s] Level 1:colcon.colcon_core.package_discovery:discover_packages(recursive) discover
[2.223s] INFO:colcon.colcon_core.package_discovery:Crawling recursively for packages in '/home/kusbeoms/ros2_ws'
[2.223s] Level 1:colcon.colcon_core.package_identification:_identify(.) by extensions ['ignore', 'ignore_ament_install']
[2.224s] Level 1:colcon.colcon_core.package_identification:_identify(.) by extension 'ignore'
[2.224s] Level 1:colcon.colcon_core.package_identification:_identify(.) by extension 'ignore_ament_install'
[2.224s] Level 1:colcon.colcon_core.package_identification:_identify(.) by extensions ['colcon_pkg']
[2.224s] Level 1:colcon.colcon_core.package_identification:_identify(.) by extension 'colcon_pkg'
[2.225s] Level 1:colcon.colcon_core.package_identification:_identify(.) by extensions ['colcon_meta']
[2.225s] Level 1:colcon.colcon_core.package_identification:_identify(.) by extension 'colcon_meta'
[2.225s] Level 1:colcon.colcon_core.package_identification:_identify(.) by extensions ['ros']
[2.225s] Level 1:colcon.colcon_core.package_identification:_identify(.) by extension 'ros'
[2.271s] Level 1:colcon.colcon_core.package_identification:_identify(.) by extensions ['cmake', 'python']
[2.271s] Level 1:colcon.colcon_core.package_identification:_identify(.) by extension 'cmake'
[2.271s] Level 1:colcon.colcon_core.package_identification:_identify(.) by extension 'python'
[2.272s] Level 1:colcon.colcon_core.package_identification:_identify(.) by extensions ['python_setup_py']
[2.272s] Level 1:colcon.colcon_core.package_identification:_identify(.) by extension 'python_setup_py'
[2.272s] Level 1:colcon.colcon_core.package_identification:_identify(build) by extensions ['ignore', 'ignore_ament_install']
[2.273s] Level 1:colcon.colcon_core.package_identification:_identify(build) by extension 'ignore'
[2.273s] Level 1:colcon.colcon_core.package_identification:_identify(build) ignored
[2.273s] Level 1:colcon.colcon_core.package_identification:_identify(install) by extensions ['ignore', 'ignore_ament_install']
[2.274s] Level 1:colcon.colcon_core.package_identification:_identify(install) by extension 'ignore'
[2.274s] Level 1:colcon.colcon_core.package_identification:_identify(install) ignored
[2.274s] Level 1:colcon.colcon_core.package_identification:_identify(log) by extensions ['ignore', 'ignore_ament_install']
[2.275s] Level 1:colcon.colcon_core.package_identification:_identify(log) by extension 'ignore'
[2.275s] Level 1:colcon.colcon_core.package_identification:_identify(log) ignored
[2.275s] Level 1:colcon.colcon_core.package_identification:_identify(src) by extensions ['ignore', 'ignore_ament_install']
[2.275s] Level 1:colcon.colcon_core.package_identification:_identify(src) by extension 'ignore'
[2.276s] Level 1:colcon.colcon_core.package_identification:_identify(src) by extension 'ignore_ament_install'
[2.276s] Level 1:colcon.colcon_core.package_identification:_identify(src) by extensions ['colcon_pkg']
[2.276s] Level 1:colcon.colcon_core.package_identification:_identify(src) by extension 'colcon_pkg'
[2.276s] Level 1:colcon.colcon_core.package_identification:_identify(src) by extensions ['colcon_meta']
[2.276s] Level 1:colcon.colcon_core.package_identification:_identify(src) by extension 'colcon_meta'
[2.276s] Level 1:colcon.colcon_core.package_identification:_identify(src) by extensions ['ros']
[2.277s] Level 1:colcon.colcon_core.package_identification:_identify(src) by extension 'ros'
[2.277s] Level 1:colcon.colcon_core.package_identification:_identify(src) by extensions ['cmake', 'python']
[2.277s] Level 1:colcon.colcon_core.package_identification:_identify(src) by extension 'cmake'
[2.277s] Level 1:colcon.colcon_core.package_identification:_identify(src) by extension 'python'
[2.277s] Level 1:colcon.colcon_core.package_identification:_identify(src) by extensions ['python_setup_py']
[2.278s] Level 1:colcon.colcon_core.package_identification:_identify(src) by extension 'python_setup_py'
[2.278s] Level 1:colcon.colcon_core.package_identification:_identify(src/mpu6050_driver) by extensions ['ignore', 'ignore_ament_install']
[2.278s] Level 1:colcon.colcon_core.package_identification:_identify(src/mpu6050_driver) by extension 'ignore'
[2.279s] Level 1:colcon.colcon_core.package_identification:_identify(src/mpu6050_driver) by extension 'ignore_ament_install'
[2.279s] Level 1:colcon.colcon_core.package_identification:_identify(src/mpu6050_driver) by extensions ['colcon_pkg']
[2.279s] Level 1:colcon.colcon_core.package_identification:_identify(src/mpu6050_driver) by extension 'colcon_pkg'
[2.279s] Level 1:colcon.colcon_core.package_identification:_identify(src/mpu6050_driver) by extensions ['colcon_meta']
[2.279s] Level 1:colcon.colcon_core.package_identification:_identify(src/mpu6050_driver) by extension 'colcon_meta'
[2.279s] Level 1:colcon.colcon_core.package_identification:_identify(src/mpu6050_driver) by extensions ['ros']
[2.280s] Level 1:colcon.colcon_core.package_identification:_identify(src/mpu6050_driver) by extension 'ros'
[2.294s] DEBUG:colcon.colcon_core.package_identification:Package 'src/mpu6050_driver' with type 'ros.ament_cmake' and name 'mpu6050_driver'
[2.294s] Level 1:colcon.colcon_core.package_discovery:discover_packages(recursive) using defaults
[2.294s] Level 1:colcon.colcon_core.package_discovery:discover_packages(ignore) discover
[2.295s] Level 1:colcon.colcon_core.package_discovery:discover_packages(ignore) using defaults
[2.295s] Level 1:colcon.colcon_core.package_discovery:discover_packages(path) discover
[2.295s] Level 1:colcon.colcon_core.package_discovery:discover_packages(path) using defaults
[2.498s] Level 1:colcon.colcon_core.package_discovery:discover_packages(prefix_path) check parameters
[2.499s] Level 1:colcon.colcon_core.package_discovery:discover_packages(prefix_path) discover
[2.522s] DEBUG:colcon.colcon_installed_package_information.package_discovery:Found 273 installed packages in /opt/ros/humble
[2.529s] Level 1:colcon.colcon_core.package_discovery:discover_packages(prefix_path) using defaults
[2.707s] Level 5:colcon.colcon_core.verb:set package 'mpu6050_driver' build argument 'cmake_args' from command line to 'None'
[2.708s] Level 5:colcon.colcon_core.verb:set package 'mpu6050_driver' build argument 'cmake_target' from command line to 'None'
[2.708s] Level 5:colcon.colcon_core.verb:set package 'mpu6050_driver' build argument 'cmake_target_skip_unavailable' from command line to 'False'
[2.708s] Level 5:colcon.colcon_core.verb:set package 'mpu6050_driver' build argument 'cmake_clean_cache' from command line to 'False'
[2.708s] Level 5:colcon.colcon_core.verb:set package 'mpu6050_driver' build argument 'cmake_clean_first' from command line to 'False'
[2.708s] Level 5:colcon.colcon_core.verb:set package 'mpu6050_driver' build argument 'cmake_force_configure' from command line to 'False'
[2.708s] Level 5:colcon.colcon_core.verb:set package 'mpu6050_driver' build argument 'ament_cmake_args' from command line to 'None'
[2.708s] Level 5:colcon.colcon_core.verb:set package 'mpu6050_driver' build argument 'catkin_cmake_args' from command line to 'None'
[2.708s] Level 5:colcon.colcon_core.verb:set package 'mpu6050_driver' build argument 'catkin_skip_building_tests' from command line to 'False'
[2.709s] DEBUG:colcon.colcon_core.verb:Building package 'mpu6050_driver' with the following arguments: {'ament_cmake_args': None, 'build_base': '/home/kusbeoms/ros2_ws/build/mpu6050_driver', 'catkin_cmake_args': None, 'catkin_skip_building_tests': False, 'cmake_args': None, 'cmake_clean_cache': False, 'cmake_clean_first': False, 'cmake_force_configure': False, 'cmake_target': None, 'cmake_target_skip_unavailable': False, 'install_base': '/home/kusbeoms/ros2_ws/install/mpu6050_driver', 'merge_install': False, 'path': '/home/kusbeoms/ros2_ws/src/mpu6050_driver', 'symlink_install': False, 'test_result_base': None}
[2.709s] INFO:colcon.colcon_core.executor:Executing jobs using 'parallel' executor
[2.712s] DEBUG:colcon.colcon_parallel_executor.executor.parallel:run_until_complete
[2.714s] INFO:colcon.colcon_ros.task.ament_cmake.build:Building ROS package in '/home/kusbeoms/ros2_ws/src/mpu6050_driver' with build type 'ament_cmake'
[2.714s] INFO:colcon.colcon_cmake.task.cmake.build:Building CMake package in '/home/kusbeoms/ros2_ws/src/mpu6050_driver'
[2.738s] INFO:colcon.colcon_core.plugin_system:Skipping extension 'colcon_core.shell.bat': Not used on non-Windows systems
[2.740s] INFO:colcon.colcon_core.shell:Skip shell extension 'powershell' for command environment: Not usable outside of PowerShell
[2.740s] DEBUG:colcon.colcon_core.shell:Skip shell extension 'dsv' for command environment
[2.777s] DEBUG:colcon.colcon_core.event_handler.log_command:Invoking command in '/home/kusbeoms/ros2_ws/build/mpu6050_driver': CMAKE_PREFIX_PATH=/opt/ros/humble /usr/bin/cmake /home/kusbeoms/ros2_ws/src/mpu6050_driver -DCMAKE_INSTALL_PREFIX=/home/kusbeoms/ros2_ws/install/mpu6050_driver
[12.239s] DEBUG:colcon.colcon_core.event_handler.log_command:Invoked command in '/home/kusbeoms/ros2_ws/build/mpu6050_driver' returned '0': CMAKE_PREFIX_PATH=/opt/ros/humble /usr/bin/cmake /home/kusbeoms/ros2_ws/src/mpu6050_driver -DCMAKE_INSTALL_PREFIX=/home/kusbeoms/ros2_ws/install/mpu6050_driver
[12.251s] DEBUG:colcon.colcon_core.event_handler.log_command:Invoking command in '/home/kusbeoms/ros2_ws/build/mpu6050_driver': CMAKE_PREFIX_PATH=/opt/ros/humble /usr/bin/cmake --build /home/kusbeoms/ros2_ws/build/mpu6050_driver -- -j4 -l4
[12.578s] DEBUG:colcon.colcon_core.event_handler.log_command:Invoked command in '/home/kusbeoms/ros2_ws/build/mpu6050_driver' returned '2': CMAKE_PREFIX_PATH=/opt/ros/humble /usr/bin/cmake --build /home/kusbeoms/ros2_ws/build/mpu6050_driver -- -j4 -l4
[12.581s] Level 1:colcon.colcon_core.environment:create_environment_scripts_only(mpu6050_driver)
[12.614s] Level 1:colcon.colcon_core.environment:checking '/home/kusbeoms/ros2_ws/install/mpu6050_driver' for CMake module files
[12.617s] Level 1:colcon.colcon_core.environment:checking '/home/kusbeoms/ros2_ws/install/mpu6050_driver' for CMake config files
[12.618s] Level 1:colcon.colcon_core.environment:checking '/home/kusbeoms/ros2_ws/install/mpu6050_driver/bin'
[12.619s] Level 1:colcon.colcon_core.environment:checking '/home/kusbeoms/ros2_ws/install/mpu6050_driver/lib/pkgconfig/mpu6050_driver.pc'
[12.620s] Level 1:colcon.colcon_core.environment:checking '/home/kusbeoms/ros2_ws/install/mpu6050_driver/lib/python3.10/site-packages'
[12.621s] Level 1:colcon.colcon_core.environment:checking '/home/kusbeoms/ros2_ws/install/mpu6050_driver/bin'
[12.622s] INFO:colcon.colcon_core.shell:Creating package script '/home/kusbeoms/ros2_ws/install/mpu6050_driver/share/mpu6050_driver/package.ps1'
[12.631s] INFO:colcon.colcon_core.shell:Creating package descriptor '/home/kusbeoms/ros2_ws/install/mpu6050_driver/share/mpu6050_driver/package.dsv'
[12.636s] INFO:colcon.colcon_core.shell:Creating package script '/home/kusbeoms/ros2_ws/install/mpu6050_driver/share/mpu6050_driver/package.sh'
[12.640s] INFO:colcon.colcon_core.shell:Creating package script '/home/kusbeoms/ros2_ws/install/mpu6050_driver/share/mpu6050_driver/package.bash'
[12.645s] INFO:colcon.colcon_core.shell:Creating package script '/home/kusbeoms/ros2_ws/install/mpu6050_driver/share/mpu6050_driver/package.zsh'
[12.650s] Level 1:colcon.colcon_core.environment:create_file_with_runtime_dependencies(/home/kusbeoms/ros2_ws/install/mpu6050_driver/share/colcon-core/packages/mpu6050_driver)
[12.662s] DEBUG:colcon.colcon_parallel_executor.executor.parallel:closing loop
[12.663s] DEBUG:colcon.colcon_parallel_executor.executor.parallel:loop closed
[12.663s] DEBUG:colcon.colcon_parallel_executor.executor.parallel:run_until_complete finished with '2'
[12.664s] DEBUG:colcon.colcon_core.event_reactor:joining thread
[12.665s] DEBUG:colcon.colcon_core.event_reactor:joined thread
[12.667s] INFO:colcon.colcon_core.shell:Creating prefix script '/home/kusbeoms/ros2_ws/install/local_setup.ps1'
[12.675s] INFO:colcon.colcon_core.shell:Creating prefix util module '/home/kusbeoms/ros2_ws/install/_local_setup_util_ps1.py'
[12.685s] INFO:colcon.colcon_core.shell:Creating prefix chain script '/home/kusbeoms/ros2_ws/install/setup.ps1'
[12.692s] INFO:colcon.colcon_core.shell:Creating prefix script '/home/kusbeoms/ros2_ws/install/local_setup.sh'
[12.696s] INFO:colcon.colcon_core.shell:Creating prefix util module '/home/kusbeoms/ros2_ws/install/_local_setup_util_sh.py'
[12.699s] INFO:colcon.colcon_core.shell:Creating prefix chain script '/home/kusbeoms/ros2_ws/install/setup.sh'
[12.705s] INFO:colcon.colcon_core.shell:Creating prefix script '/home/kusbeoms/ros2_ws/install/local_setup.bash'
[12.708s] INFO:colcon.colcon_core.shell:Creating prefix chain script '/home/kusbeoms/ros2_ws/install/setup.bash'
[12.714s] INFO:colcon.colcon_core.shell:Creating prefix script '/home/kusbeoms/ros2_ws/install/local_setup.zsh'
[12.718s] INFO:colcon.colcon_core.shell:Creating prefix chain script '/home/kusbeoms/ros2_ws/install/setup.zsh'
