[0.060s] Invoking command in '/home/kusbeoms/ros2_ws/build/mpu6050_driver': CMAKE_PREFIX_PATH=${CMAKE_PREFIX_PATH}:/opt/ros/humble /usr/bin/cmake --build /home/kusbeoms/ros2_ws/build/mpu6050_driver -- -j4 -l4
[0.247s] [35m[1mConsolidate compiler generated dependencies of target mpu6050_node[0m
[0.347s] [ 50%] [32mBuilding CXX object CMakeFiles/mpu6050_node.dir/src/mpu6050_driver.cpp.o[0m
[19.026s] [100%] [32m[1mLinking CXX executable mpu6050_node[0m
[20.088s] [100%] Built target mpu6050_node
[20.131s] Invoked command in '/home/kusbeoms/ros2_ws/build/mpu6050_driver' returned '0': CMAKE_PREFIX_PATH=${CMAKE_PREFIX_PATH}:/opt/ros/humble /usr/bin/cmake --build /home/kusbeoms/ros2_ws/build/mpu6050_driver -- -j4 -l4
[20.173s] Invoking command in '/home/kusbeoms/ros2_ws/build/mpu6050_driver': CMAKE_PREFIX_PATH=${CMAKE_PREFIX_PATH}:/opt/ros/humble /usr/bin/cmake --install /home/kusbeoms/ros2_ws/build/mpu6050_driver
[20.202s] -- Install configuration: ""
[20.203s] -- Installing: /home/kusbeoms/ros2_ws/install/mpu6050_driver/lib/mpu6050_driver/mpu6050_node
[20.214s] -- Set runtime path of "/home/kusbeoms/ros2_ws/install/mpu6050_driver/lib/mpu6050_driver/mpu6050_node" to ""
[20.214s] -- Up-to-date: /home/kusbeoms/ros2_ws/install/mpu6050_driver/share/ament_index/resource_index/package_run_dependencies/mpu6050_driver
[20.215s] -- Up-to-date: /home/kusbeoms/ros2_ws/install/mpu6050_driver/share/ament_index/resource_index/parent_prefix_path/mpu6050_driver
[20.216s] -- Up-to-date: /home/kusbeoms/ros2_ws/install/mpu6050_driver/share/mpu6050_driver/environment/ament_prefix_path.sh
[20.216s] -- Up-to-date: /home/kusbeoms/ros2_ws/install/mpu6050_driver/share/mpu6050_driver/environment/ament_prefix_path.dsv
[20.217s] -- Up-to-date: /home/kusbeoms/ros2_ws/install/mpu6050_driver/share/mpu6050_driver/environment/path.sh
[20.217s] -- Up-to-date: /home/kusbeoms/ros2_ws/install/mpu6050_driver/share/mpu6050_driver/environment/path.dsv
[20.218s] -- Up-to-date: /home/kusbeoms/ros2_ws/install/mpu6050_driver/share/mpu6050_driver/local_setup.bash
[20.218s] -- Up-to-date: /home/kusbeoms/ros2_ws/install/mpu6050_driver/share/mpu6050_driver/local_setup.sh
[20.219s] -- Up-to-date: /home/kusbeoms/ros2_ws/install/mpu6050_driver/share/mpu6050_driver/local_setup.zsh
[20.220s] -- Up-to-date: /home/kusbeoms/ros2_ws/install/mpu6050_driver/share/mpu6050_driver/local_setup.dsv
[20.220s] -- Installing: /home/kusbeoms/ros2_ws/install/mpu6050_driver/share/mpu6050_driver/package.dsv
[20.221s] -- Up-to-date: /home/kusbeoms/ros2_ws/install/mpu6050_driver/share/ament_index/resource_index/packages/mpu6050_driver
[20.221s] -- Up-to-date: /home/kusbeoms/ros2_ws/install/mpu6050_driver/share/mpu6050_driver/cmake/mpu6050_driverConfig.cmake
[20.222s] -- Up-to-date: /home/kusbeoms/ros2_ws/install/mpu6050_driver/share/mpu6050_driver/cmake/mpu6050_driverConfig-version.cmake
[20.222s] -- Up-to-date: /home/kusbeoms/ros2_ws/install/mpu6050_driver/share/mpu6050_driver/package.xml
[20.227s] Invoked command in '/home/kusbeoms/ros2_ws/build/mpu6050_driver' returned '0': CMAKE_PREFIX_PATH=${CMAKE_PREFIX_PATH}:/opt/ros/humble /usr/bin/cmake --install /home/kusbeoms/ros2_ws/build/mpu6050_driver
